<?xml version="1.0" encoding="UTF-8"?>
<!-- Generated by org.testng.reporters.JUnitReportReporter -->
<testsuite skipped="0" hostname="Harish-Belamkar.local" name="api.test.MainTest" tests="2" failures="0" timestamp="06 Aug 2019 22:24:15 GMT" time="0.010" errors="0">
  <testcase name="ApiTest" time="0.001" classname="api.test.MainTest"/>
  <testcase name="ApiTest" time="0.009" classname="api.test.MainTest"/>
</testsuite> <!-- api.test.MainTest -->
